This is pdfTeX, Version 3.1415926-1.40.10 (MiKTeX 2.8) (preloaded format=pdflatex 2011.2.24)  12 APR 2011 22:28
entering extended mode
**C:/Users/Nathan/Desktop/Spring*2011/CQW*Labs/Michelson*Interference/Lab*6.ltx.tex
("C:/Users/Nathan/Desktop/Spring 2011/CQW Labs/Michelson Interference/Lab 6.ltx.tex"
LaTeX2e <2009/09/24>
Babel <v3.8l> and hyphenation patterns for english, dumylang, nohyphenation, german, ngerman, german-x-2009-06-19, ngerm
an-x-2009-06-19, french, loaded.
("C:\Program Files (x86)\MiKTeX 2.8\tex\latex\base\article.cls"
Document Class: article 2007/10/19 v1.4h Standard LaTeX document class
("C:\Program Files (x86)\MiKTeX 2.8\tex\latex\base\size12.clo"
File: size12.clo 2007/10/19 v1.4h Standard LaTeX file (size option)
)
\c@part=\count79
\c@section=\count80
\c@subsection=\count81
\c@subsubsection=\count82
\c@paragraph=\count83
\c@subparagraph=\count84
\c@figure=\count85
\c@table=\count86
\abovecaptionskip=\skip41
\belowcaptionskip=\skip42
\bibindent=\dimen102
)
("C:\Program Files (x86)\MiKTeX 2.8\tex\latex\ams\math\amsmath.sty"
Package: amsmath 2000/07/18 v2.13 AMS math features
\@mathmargin=\skip43

For additional information on amsmath, use the `?' option.
("C:\Program Files (x86)\MiKTeX 2.8\tex\latex\ams\math\amstext.sty"
Package: amstext 2000/06/29 v2.01

("C:\Program Files (x86)\MiKTeX 2.8\tex\latex\ams\math\amsgen.sty"
File: amsgen.sty 1999/11/30 v2.0
\@emptytoks=\toks14
\ex@=\dimen103
))
("C:\Program Files (x86)\MiKTeX 2.8\tex\latex\ams\math\amsbsy.sty"
Package: amsbsy 1999/11/29 v1.2d
\pmbraise@=\dimen104
)
("C:\Program Files (x86)\MiKTeX 2.8\tex\latex\ams\math\amsopn.sty"
Package: amsopn 1999/12/14 v2.01 operator names
)
\inf@bad=\count87
LaTeX Info: Redefining \frac on input line 211.
\uproot@=\count88
\leftroot@=\count89
LaTeX Info: Redefining \overline on input line 307.
\classnum@=\count90
\DOTSCASE@=\count91
LaTeX Info: Redefining \ldots on input line 379.
LaTeX Info: Redefining \dots on input line 382.
LaTeX Info: Redefining \cdots on input line 467.
\Mathstrutbox@=\box26
\strutbox@=\box27
\big@size=\dimen105
LaTeX Font Info:    Redeclaring font encoding OML on input line 567.
LaTeX Font Info:    Redeclaring font encoding OMS on input line 568.
\macc@depth=\count92
\c@MaxMatrixCols=\count93
\dotsspace@=\muskip10
\c@parentequation=\count94
\dspbrk@lvl=\count95
\tag@help=\toks15
\row@=\count96
\column@=\count97
\maxfields@=\count98
\andhelp@=\toks16
\eqnshift@=\dimen106
\alignsep@=\dimen107
\tagshift@=\dimen108
\tagwidth@=\dimen109
\totwidth@=\dimen110
\lineht@=\dimen111
\@envbody=\toks17
\multlinegap=\skip44
\multlinetaggap=\skip45
\mathdisplay@stack=\toks18
LaTeX Info: Redefining \[ on input line 2666.
LaTeX Info: Redefining \] on input line 2667.
)
("C:\Program Files (x86)\MiKTeX 2.8\tex\latex\amsfonts\amssymb.sty"
Package: amssymb 2009/06/22 v3.00

("C:\Program Files (x86)\MiKTeX 2.8\tex\latex\amsfonts\amsfonts.sty"
Package: amsfonts 2009/06/22 v3.00 Basic AMSFonts support
\symAMSa=\mathgroup4
\symAMSb=\mathgroup5
LaTeX Font Info:    Overwriting math alphabet `\mathfrak' in version `bold'
(Font)                  U/euf/m/n --> U/euf/b/n on input line 96.
))
("C:\Program Files (x86)\MiKTeX 2.8\tex\latex\graphics\graphicx.sty"
Package: graphicx 1999/02/16 v1.0f Enhanced LaTeX Graphics (DPC,SPQR)

("C:\Program Files (x86)\MiKTeX 2.8\tex\latex\graphics\keyval.sty"
Package: keyval 1999/03/16 v1.13 key=value parser (DPC)
\KV@toks@=\toks19
)
("C:\Program Files (x86)\MiKTeX 2.8\tex\latex\graphics\graphics.sty"
Package: graphics 2009/02/05 v1.0o Standard LaTeX Graphics (DPC,SPQR)

("C:\Program Files (x86)\MiKTeX 2.8\tex\latex\graphics\trig.sty"
Package: trig 1999/03/16 v1.09 sin cos tan (DPC)
)
("C:\Program Files (x86)\MiKTeX 2.8\tex\latex\00miktex\graphics.cfg"
File: graphics.cfg 2007/01/18 v1.5 graphics configuration of teTeX/TeXLive
)
Package graphics Info: Driver file: pdftex.def on input line 91.

("C:\Program Files (x86)\MiKTeX 2.8\tex\latex\pdftex-def\pdftex.def"
File: pdftex.def 2010/02/14 v0.04n Graphics/color for pdfTeX
\Gread@gobject=\count99
))
\Gin@req@height=\dimen112
\Gin@req@width=\dimen113
)
("C:\Program Files (x86)\MiKTeX 2.8\tex\latex\float\float.sty"
Package: float 2001/11/08 v1.3d Float enhancements (AL)
\c@float@type=\count100
\float@exts=\toks20
\float@box=\box28
\@float@everytoks=\toks21
\@floatcapt=\box29
)
("C:\Users\Nathan\Desktop\Spring 2011\CQW Labs\Michelson Interference\Lab 6.ltx.aux")
LaTeX Font Info:    Checking defaults for OML/cmm/m/it on input line 23.
LaTeX Font Info:    ... okay on input line 23.
LaTeX Font Info:    Checking defaults for T1/cmr/m/n on input line 23.
LaTeX Font Info:    ... okay on input line 23.
LaTeX Font Info:    Checking defaults for OT1/cmr/m/n on input line 23.
LaTeX Font Info:    ... okay on input line 23.
LaTeX Font Info:    Checking defaults for OMS/cmsy/m/n on input line 23.
LaTeX Font Info:    ... okay on input line 23.
LaTeX Font Info:    Checking defaults for OMX/cmex/m/n on input line 23.
LaTeX Font Info:    ... okay on input line 23.
LaTeX Font Info:    Checking defaults for U/cmr/m/n on input line 23.
LaTeX Font Info:    ... okay on input line 23.

("C:\Program Files (x86)\MiKTeX 2.8\tex\context\base\supp-pdf.tex"
[Loading MPS to PDF converter (version 2006.09.02).]
\scratchcounter=\count101
\scratchdimen=\dimen114
\scratchbox=\box30
\nofMPsegments=\count102
\nofMParguments=\count103
\everyMPshowfont=\toks22
\MPscratchCnt=\count104
\MPscratchDim=\dimen115
\MPnumerator=\count105
\everyMPtoPDFconversion=\toks23
)
LaTeX Font Info:    Try loading font information for U+msa on input line 24.
 ("C:\Program Files (x86)\MiKTeX 2.8\tex\latex\amsfonts\umsa.fd"
File: umsa.fd 2009/06/22 v3.00 AMS symbols A
)
LaTeX Font Info:    Try loading font information for U+msb on input line 24.

("C:\Program Files (x86)\MiKTeX 2.8\tex\latex\amsfonts\umsb.fd"
File: umsb.fd 2009/06/22 v3.00 AMS symbols B
) <apparatus.png, id=1, 233.37187pt x 209.28188pt>
File: apparatus.png Graphic file (type png)

<use apparatus.png>
Underfull \hbox (badness 10000) in paragraph at lines 38--39

 []

[1

{C:/ProgramData/MiKTeX/2.8/pdftex/config/pdftex.map} <C:/Users/Nathan/Desktop/Spring 2011/CQW Labs/Michelson Interferenc
e/apparatus.png (PNG copy)>]
Underfull \hbox (badness 10000) in paragraph at lines 44--45

 []

! Double subscript.
l.48 \[ 2(n_a_
              i_r - 1)L = N\lambda \]
I treat `x_1_2' essentially like `x_1{}_2'.

! Double subscript.
l.48 \[ 2(n_a_i_
                r - 1)L = N\lambda \]
I treat `x_1_2' essentially like `x_1{}_2'.

! Double subscript.
l.50 \indent This implies that $2(n_a_
                                      i_r)L$ is the difference in OPL from i...
I treat `x_1_2' essentially like `x_1{}_2'.

! Double subscript.
l.50 \indent This implies that $2(n_a_i_
                                        r)L$ is the difference in OPL from i...
I treat `x_1_2' essentially like `x_1{}_2'.

<Plot1.png, id=11, 578.16pt x 433.62pt>
File: Plot1.png Graphic file (type png)
 <use Plot1.png> [2]
! Double subscript.
l.66 \[n_a_
           i_r = \frac{N_g_r_e_e_n\lambda_g_r_e_e_n}{2L}+1 = \frac{(56 \frac...
I treat `x_1_2' essentially like `x_1{}_2'.

! Double subscript.
l.66 \[n_a_i_
             r = \frac{N_g_r_e_e_n\lambda_g_r_e_e_n}{2L}+1 = \frac{(56 \frac...
I treat `x_1_2' essentially like `x_1{}_2'.

! Double subscript.
<argument> N_g_
               r_e_e_n\lambda _g_r_e_e_n
l.66 ... = \frac{N_g_r_e_e_n\lambda_g_r_e_e_n}{2L}
                                                  +1 = \frac{(56 \frac{\Delt...
I treat `x_1_2' essentially like `x_1{}_2'.

! Double subscript.
<argument> N_g_r_
                 e_e_n\lambda _g_r_e_e_n
l.66 ... = \frac{N_g_r_e_e_n\lambda_g_r_e_e_n}{2L}
                                                  +1 = \frac{(56 \frac{\Delt...
I treat `x_1_2' essentially like `x_1{}_2'.

! Double subscript.
<argument> N_g_r_e_
                   e_n\lambda _g_r_e_e_n
l.66 ... = \frac{N_g_r_e_e_n\lambda_g_r_e_e_n}{2L}
                                                  +1 = \frac{(56 \frac{\Delt...
I treat `x_1_2' essentially like `x_1{}_2'.

! Double subscript.
<argument> N_g_r_e_e_
                     n\lambda _g_r_e_e_n
l.66 ... = \frac{N_g_r_e_e_n\lambda_g_r_e_e_n}{2L}
                                                  +1 = \frac{(56 \frac{\Delt...
I treat `x_1_2' essentially like `x_1{}_2'.

! Double subscript.
<argument> N_g_r_e_e_n\lambda _g_
                                 r_e_e_n
l.66 ... = \frac{N_g_r_e_e_n\lambda_g_r_e_e_n}{2L}
                                                  +1 = \frac{(56 \frac{\Delt...
I treat `x_1_2' essentially like `x_1{}_2'.

! Double subscript.
<argument> N_g_r_e_e_n\lambda _g_r_
                                   e_e_n
l.66 ... = \frac{N_g_r_e_e_n\lambda_g_r_e_e_n}{2L}
                                                  +1 = \frac{(56 \frac{\Delt...
I treat `x_1_2' essentially like `x_1{}_2'.

! Double subscript.
<argument> N_g_r_e_e_n\lambda _g_r_e_
                                     e_n
l.66 ... = \frac{N_g_r_e_e_n\lambda_g_r_e_e_n}{2L}
                                                  +1 = \frac{(56 \frac{\Delt...
I treat `x_1_2' essentially like `x_1{}_2'.

! Double subscript.
<argument> N_g_r_e_e_n\lambda _g_r_e_e_
                                       n
l.66 ... = \frac{N_g_r_e_e_n\lambda_g_r_e_e_n}{2L}
                                                  +1 = \frac{(56 \frac{\Delt...
I treat `x_1_2' essentially like `x_1{}_2'.

! Double subscript.
l.67 \[n_a_
           i_r = \frac{N_r_e_d\lambda_r_e_d}{2L}+1 = \frac{(52 \frac{\Delta ...
I treat `x_1_2' essentially like `x_1{}_2'.

! Double subscript.
l.67 \[n_a_i_
             r = \frac{N_r_e_d\lambda_r_e_d}{2L}+1 = \frac{(52 \frac{\Delta ...
I treat `x_1_2' essentially like `x_1{}_2'.

! Double subscript.
<argument> N_r_
               e_d\lambda _r_e_d
l.67 \[n_a_i_r = \frac{N_r_e_d\lambda_r_e_d}{2L}
                                                +1 = \frac{(52 \frac{\Delta ...
I treat `x_1_2' essentially like `x_1{}_2'.

! Double subscript.
<argument> N_r_e_
                 d\lambda _r_e_d
l.67 \[n_a_i_r = \frac{N_r_e_d\lambda_r_e_d}{2L}
                                                +1 = \frac{(52 \frac{\Delta ...
I treat `x_1_2' essentially like `x_1{}_2'.

! Double subscript.
<argument> N_r_e_d\lambda _r_
                             e_d
l.67 \[n_a_i_r = \frac{N_r_e_d\lambda_r_e_d}{2L}
                                                +1 = \frac{(52 \frac{\Delta ...
I treat `x_1_2' essentially like `x_1{}_2'.

! Double subscript.
<argument> N_r_e_d\lambda _r_e_
                               d
l.67 \[n_a_i_r = \frac{N_r_e_d\lambda_r_e_d}{2L}
                                                +1 = \frac{(52 \frac{\Delta ...
I treat `x_1_2' essentially like `x_1{}_2'.

! Double superscript.
<argument> ...{\Delta OPL}{\lambda })(6.50 x 10^-^
                                                  7 m)
l.67 ...L}{\lambda})(6.50 x 10^-^7 m)}{(2)(.08 m)}
                                                  +1 = 1.00021125 \]
I treat `x^1^2' essentially like `x^1{}^2'.

! Double subscript.
l.73 ...rtainty in the first term describing $n_a_
                                                  i_r$, $\frac{N\lambda}{2L}$:
I treat `x_1_2' essentially like `x_1{}_2'.

! Double subscript.
l.73 ...ainty in the first term describing $n_a_i_
                                                  r$, $\frac{N\lambda}{2L}$:
I treat `x_1_2' essentially like `x_1{}_2'.

! Double subscript.
l.74 \[\delta q_g_
                  r_e_e_n = (1.0001785 - 1)\sqrt{(\frac{.0005 m}{.08 m})^2 +...
I treat `x_1_2' essentially like `x_1{}_2'.

! Double subscript.
l.74 \[\delta q_g_r_
                    e_e_n = (1.0001785 - 1)\sqrt{(\frac{.0005 m}{.08 m})^2 +...
I treat `x_1_2' essentially like `x_1{}_2'.

! Double subscript.
l.74 \[\delta q_g_r_e_
                      e_n = (1.0001785 - 1)\sqrt{(\frac{.0005 m}{.08 m})^2 +...
I treat `x_1_2' essentially like `x_1{}_2'.

! Double subscript.
l.74 \[\delta q_g_r_e_e_
                        n = (1.0001785 - 1)\sqrt{(\frac{.0005 m}{.08 m})^2 +...
I treat `x_1_2' essentially like `x_1{}_2'.

! Double superscript.
l.74 ...1 fringe}{56 fringes})^2 } = 3.377 x 10^-^
                                                  6 \]
I treat `x^1^2' essentially like `x^1{}^2'.

! Double subscript.
l.75 \[\delta q_r_
                  e_d = (1.00021125 - 1)\sqrt{(\frac{.0005 m}{.08 m})^2 + (\...
I treat `x_1_2' essentially like `x_1{}_2'.

! Double subscript.
l.75 \[\delta q_r_e_
                    d = (1.00021125 - 1)\sqrt{(\frac{.0005 m}{.08 m})^2 + (\...
I treat `x_1_2' essentially like `x_1{}_2'.

! Double superscript.
l.75 ...1 fringe}{52 fringes})^2 } = 4.212 x 10^-^
                                                  6 \]
I treat `x^1^2' essentially like `x^1{}^2'.

[3 <C:/Users/Nathan/Desktop/Spring 2011/CQW Labs/Michelson Interference/Plot1.png>]
! Double subscript.
l.93 \[ \Delta OPL = 2(n_s_
                           o_l_i_d - n_a_i_r)L_o_v_e_n = N\lambda . \]
I treat `x_1_2' essentially like `x_1{}_2'.

! Double subscript.
l.93 \[ \Delta OPL = 2(n_s_o_
                             l_i_d - n_a_i_r)L_o_v_e_n = N\lambda . \]
I treat `x_1_2' essentially like `x_1{}_2'.

! Double subscript.
l.93 \[ \Delta OPL = 2(n_s_o_l_
                               i_d - n_a_i_r)L_o_v_e_n = N\lambda . \]
I treat `x_1_2' essentially like `x_1{}_2'.

! Double subscript.
l.93 \[ \Delta OPL = 2(n_s_o_l_i_
                                 d - n_a_i_r)L_o_v_e_n = N\lambda . \]
I treat `x_1_2' essentially like `x_1{}_2'.

! Double subscript.
l.93 \[ \Delta OPL = 2(n_s_o_l_i_d - n_a_
                                         i_r)L_o_v_e_n = N\lambda . \]
I treat `x_1_2' essentially like `x_1{}_2'.

! Double subscript.
l.93 \[ \Delta OPL = 2(n_s_o_l_i_d - n_a_i_
                                           r)L_o_v_e_n = N\lambda . \]
I treat `x_1_2' essentially like `x_1{}_2'.

! Double subscript.
l.93 \[ \Delta OPL = 2(n_s_o_l_i_d - n_a_i_r)L_o_
                                                 v_e_n = N\lambda . \]
I treat `x_1_2' essentially like `x_1{}_2'.

! Double subscript.
l.93 ...Delta OPL = 2(n_s_o_l_i_d - n_a_i_r)L_o_v_
                                                  e_n = N\lambda . \]
I treat `x_1_2' essentially like `x_1{}_2'.

! Double subscript.
l.93 ...lta OPL = 2(n_s_o_l_i_d - n_a_i_r)L_o_v_e_
                                                  n = N\lambda . \]
I treat `x_1_2' essentially like `x_1{}_2'.

[4] ("C:\Users\Nathan\Desktop\Spring 2011\CQW Labs\Michelson Interference\Lab 6.ltx.aux") ) 
Here is how much of TeX's memory you used:
 1865 strings out of 495285
 22806 string characters out of 3179824
 74508 words of memory out of 3000000
 5073 multiletter control sequences out of 15000+200000
 12096 words of font info for 47 fonts, out of 3000000 for 9000
 14 hyphenation exceptions out of 8191
 27i,6n,24p,765b,206s stack positions out of 5000i,500n,10000p,200000b,50000s
<C:/Program Files (x86)/MiKTe
X 2.8/fonts/type1/public/amsfonts/cm/cmbx12.pfb><C:/Program Files (x86)/MiKTeX 2.8/fonts/type1/public/amsfonts/cm/cmex10
.pfb><C:/Program Files (x86)/MiKTeX 2.8/fonts/type1/public/amsfonts/cm/cmmi12.pfb><C:/Program Files (x86)/MiKTeX 2.8/fon
ts/type1/public/amsfonts/cm/cmmi8.pfb><C:/Program Files (x86)/MiKTeX 2.8/fonts/type1/public/amsfonts/cm/cmr12.pfb><C:/Pr
ogram Files (x86)/MiKTeX 2.8/fonts/type1/public/amsfonts/cm/cmr17.pfb><C:/Program Files (x86)/MiKTeX 2.8/fonts/type1/pub
lic/amsfonts/cm/cmr8.pfb><C:/Program Files (x86)/MiKTeX 2.8/fonts/type1/public/amsfonts/cm/cmsy10.pfb><C:/Program Files 
(x86)/MiKTeX 2.8/fonts/type1/public/amsfonts/cm/cmsy8.pfb>
Output written on "Lab 6.ltx.pdf" (4 pages, 154698 bytes).
PDF statistics:
 55 PDF objects out of 1000 (max. 8388607)
 0 named destinations out of 1000 (max. 500000)
 11 words of extra memory for PDF output out of 10000 (max. 10000000)

