This is pdfTeX, Version 3.1415926-1.40.10 (MiKTeX 2.8) (preloaded format=pdflatex 2011.2.24)  1 MAY 2011 20:52
entering extended mode
**C:/Users/Nathan/Desktop/Spring*2011/CQW*Labs/Half-Life*of*Ba-137m/Lab*9.ltx.tex
("C:/Users/Nathan/Desktop/Spring 2011/CQW Labs/Half-Life of Ba-137m/Lab 9.ltx.tex"
LaTeX2e <2009/09/24>
Babel <v3.8l> and hyphenation patterns for english, dumylang, nohyphenation, german, ngerman, german-x-2009-06-19, ngerm
an-x-2009-06-19, french, loaded.
("C:\Program Files (x86)\MiKTeX 2.8\tex\latex\base\article.cls"
Document Class: article 2007/10/19 v1.4h Standard LaTeX document class
("C:\Program Files (x86)\MiKTeX 2.8\tex\latex\base\size12.clo"
File: size12.clo 2007/10/19 v1.4h Standard LaTeX file (size option)
)
\c@part=\count79
\c@section=\count80
\c@subsection=\count81
\c@subsubsection=\count82
\c@paragraph=\count83
\c@subparagraph=\count84
\c@figure=\count85
\c@table=\count86
\abovecaptionskip=\skip41
\belowcaptionskip=\skip42
\bibindent=\dimen102
)
("C:\Program Files (x86)\MiKTeX 2.8\tex\latex\ams\math\amsmath.sty"
Package: amsmath 2000/07/18 v2.13 AMS math features
\@mathmargin=\skip43

For additional information on amsmath, use the `?' option.
("C:\Program Files (x86)\MiKTeX 2.8\tex\latex\ams\math\amstext.sty"
Package: amstext 2000/06/29 v2.01

("C:\Program Files (x86)\MiKTeX 2.8\tex\latex\ams\math\amsgen.sty"
File: amsgen.sty 1999/11/30 v2.0
\@emptytoks=\toks14
\ex@=\dimen103
))
("C:\Program Files (x86)\MiKTeX 2.8\tex\latex\ams\math\amsbsy.sty"
Package: amsbsy 1999/11/29 v1.2d
\pmbraise@=\dimen104
)
("C:\Program Files (x86)\MiKTeX 2.8\tex\latex\ams\math\amsopn.sty"
Package: amsopn 1999/12/14 v2.01 operator names
)
\inf@bad=\count87
LaTeX Info: Redefining \frac on input line 211.
\uproot@=\count88
\leftroot@=\count89
LaTeX Info: Redefining \overline on input line 307.
\classnum@=\count90
\DOTSCASE@=\count91
LaTeX Info: Redefining \ldots on input line 379.
LaTeX Info: Redefining \dots on input line 382.
LaTeX Info: Redefining \cdots on input line 467.
\Mathstrutbox@=\box26
\strutbox@=\box27
\big@size=\dimen105
LaTeX Font Info:    Redeclaring font encoding OML on input line 567.
LaTeX Font Info:    Redeclaring font encoding OMS on input line 568.
\macc@depth=\count92
\c@MaxMatrixCols=\count93
\dotsspace@=\muskip10
\c@parentequation=\count94
\dspbrk@lvl=\count95
\tag@help=\toks15
\row@=\count96
\column@=\count97
\maxfields@=\count98
\andhelp@=\toks16
\eqnshift@=\dimen106
\alignsep@=\dimen107
\tagshift@=\dimen108
\tagwidth@=\dimen109
\totwidth@=\dimen110
\lineht@=\dimen111
\@envbody=\toks17
\multlinegap=\skip44
\multlinetaggap=\skip45
\mathdisplay@stack=\toks18
LaTeX Info: Redefining \[ on input line 2666.
LaTeX Info: Redefining \] on input line 2667.
)
("C:\Program Files (x86)\MiKTeX 2.8\tex\latex\amsfonts\amssymb.sty"
Package: amssymb 2009/06/22 v3.00

("C:\Program Files (x86)\MiKTeX 2.8\tex\latex\amsfonts\amsfonts.sty"
Package: amsfonts 2009/06/22 v3.00 Basic AMSFonts support
\symAMSa=\mathgroup4
\symAMSb=\mathgroup5
LaTeX Font Info:    Overwriting math alphabet `\mathfrak' in version `bold'
(Font)                  U/euf/m/n --> U/euf/b/n on input line 96.
))
("C:\Program Files (x86)\MiKTeX 2.8\tex\latex\graphics\graphicx.sty"
Package: graphicx 1999/02/16 v1.0f Enhanced LaTeX Graphics (DPC,SPQR)

("C:\Program Files (x86)\MiKTeX 2.8\tex\latex\graphics\keyval.sty"
Package: keyval 1999/03/16 v1.13 key=value parser (DPC)
\KV@toks@=\toks19
)
("C:\Program Files (x86)\MiKTeX 2.8\tex\latex\graphics\graphics.sty"
Package: graphics 2009/02/05 v1.0o Standard LaTeX Graphics (DPC,SPQR)

("C:\Program Files (x86)\MiKTeX 2.8\tex\latex\graphics\trig.sty"
Package: trig 1999/03/16 v1.09 sin cos tan (DPC)
)
("C:\Program Files (x86)\MiKTeX 2.8\tex\latex\00miktex\graphics.cfg"
File: graphics.cfg 2007/01/18 v1.5 graphics configuration of teTeX/TeXLive
)
Package graphics Info: Driver file: pdftex.def on input line 91.

("C:\Program Files (x86)\MiKTeX 2.8\tex\latex\pdftex-def\pdftex.def"
File: pdftex.def 2010/02/14 v0.04n Graphics/color for pdfTeX
\Gread@gobject=\count99
))
\Gin@req@height=\dimen112
\Gin@req@width=\dimen113
)
("C:\Program Files (x86)\MiKTeX 2.8\tex\latex\float\float.sty"
Package: float 2001/11/08 v1.3d Float enhancements (AL)
\c@float@type=\count100
\float@exts=\toks20
\float@box=\box28
\@float@everytoks=\toks21
\@floatcapt=\box29
)
("C:\Users\Nathan\Desktop\Spring 2011\CQW Labs\Half-Life of Ba-137m\Lab 9.ltx.aux"

LaTeX Warning: Label `fig:setup' multiply defined.


LaTeX Warning: Label `fig:setup' multiply defined.

)
LaTeX Font Info:    Checking defaults for OML/cmm/m/it on input line 23.
LaTeX Font Info:    ... okay on input line 23.
LaTeX Font Info:    Checking defaults for T1/cmr/m/n on input line 23.
LaTeX Font Info:    ... okay on input line 23.
LaTeX Font Info:    Checking defaults for OT1/cmr/m/n on input line 23.
LaTeX Font Info:    ... okay on input line 23.
LaTeX Font Info:    Checking defaults for OMS/cmsy/m/n on input line 23.
LaTeX Font Info:    ... okay on input line 23.
LaTeX Font Info:    Checking defaults for OMX/cmex/m/n on input line 23.
LaTeX Font Info:    ... okay on input line 23.
LaTeX Font Info:    Checking defaults for U/cmr/m/n on input line 23.
LaTeX Font Info:    ... okay on input line 23.
 ("C:\Program Files (x86)\MiKTeX 2.8\tex\context\base\supp-pdf.tex"
[Loading MPS to PDF converter (version 2006.09.02).]
\scratchcounter=\count101
\scratchdimen=\dimen114
\scratchbox=\box30
\nofMPsegments=\count102
\nofMParguments=\count103
\everyMPshowfont=\toks22
\MPscratchCnt=\count104
\MPscratchDim=\dimen115
\MPnumerator=\count105
\everyMPtoPDFconversion=\toks23
)
LaTeX Font Info:    Try loading font information for U+msa on input line 24.
 ("C:\Program Files (x86)\MiKTeX 2.8\tex\latex\amsfonts\umsa.fd"
File: umsa.fd 2009/06/22 v3.00 AMS symbols A
)
LaTeX Font Info:    Try loading font information for U+msb on input line 24.

("C:\Program Files (x86)\MiKTeX 2.8\tex\latex\amsfonts\umsb.fd"
File: umsb.fd 2009/06/22 v3.00 AMS symbols B
) <apparatus.png, id=1, 371.13657pt x 264.23718pt>
File: apparatus.png Graphic file (type png)

<use apparatus.png>
! Double superscript.
l.40 \[ N(t) = N_0e^-^
                      \lambda ^t \] \\
I treat `x^1^2' essentially like `x^1{}^2'.

! Double superscript.
l.40 \[ N(t) = N_0e^-^\lambda ^
                               t \] \\
I treat `x^1^2' essentially like `x^1{}^2'.

! Double superscript.
l.42 \[ N(t) =  N_0e^-^
                       \lambda ^T \]
I treat `x^1^2' essentially like `x^1{}^2'.

! Double superscript.
l.42 \[ N(t) =  N_0e^-^\lambda ^
                                T \]
I treat `x^1^2' essentially like `x^1{}^2'.

[1

{C:/ProgramData/MiKTeX/2.8/pdftex/config/pdftex.map} <C:/Users/Nathan/Desktop/Spring 2011/CQW Labs/Half-Life of Ba-137m/
apparatus.png (PNG copy)>]
! Double subscript.
l.43 \[ ln(\frac{N_0}{N(t)}) = \lambda T_1_
                                           /_2 \] \\
I treat `x_1_2' essentially like `x_1{}_2'.

! Double subscript.
l.43 \[ ln(\frac{N_0}{N(t)}) = \lambda T_1_/_
                                             2 \] \\
I treat `x_1_2' essentially like `x_1{}_2'.


Underfull \hbox (badness 10000) in paragraph at lines 43--44

 []

! Double subscript.
l.44 \[ T_1_
            /_2 = \frac{ln2}{\lambda} = \frac{0.693}{\lambda} \]
I treat `x_1_2' essentially like `x_1{}_2'.

! Double subscript.
l.44 \[ T_1_/_
              2 = \frac{ln2}{\lambda} = \frac{0.693}{\lambda} \]
I treat `x_1_2' essentially like `x_1{}_2'.

<Plot1.png, id=13, 578.16pt x 433.62pt>
File: Plot1.png Graphic file (type png)
 <use Plot1.png> <Plot2.png, id=15, 578.16pt x 433.62pt>
File: Plot2.png Graphic file (type png)
 <use Plot2.png> [2 <C:/Users/Nathan/Desktop/Spring 2011/CQW Labs/Half-Life of Ba-137m/Plot1.png>] <Plot3.png, id=21, 57
8.16pt x 433.62pt>
File: Plot3.png Graphic file (type png)

<use Plot3.png>
! Double subscript.
l.68 \[ \delta \sigma = \sqrt{N_a_
                                  v_g} \]
I treat `x_1_2' essentially like `x_1{}_2'.

! Double subscript.
l.68 \[ \delta \sigma = \sqrt{N_a_v_
                                    g} \]
I treat `x_1_2' essentially like `x_1{}_2'.

[3 <C:/Users/Nathan/Desktop/Spring 2011/CQW Labs/Half-Life of Ba-137m/Plot2.png> <C:/Users/Nathan/Desktop/Spring 2011/CQ
W Labs/Half-Life of Ba-137m/Plot3.png>]
! Double superscript.
l.75 ...s}{179 counts}}{5 min - 1 min} = .3 min^-^
                                                  1 \]
I treat `x^1^2' essentially like `x^1{}^2'.

! Double subscript.
l.76 \indent This determines a value for $T_1_
                                              /_2$ of Barium:
I treat `x_1_2' essentially like `x_1{}_2'.

! Double subscript.
l.76 \indent This determines a value for $T_1_/_
                                                2$ of Barium:
I treat `x_1_2' essentially like `x_1{}_2'.

! Double subscript.
l.77 \[ T_1_
            /_2 = \frac{.693}{.3 min^-^1} = 2.31 min \]
I treat `x_1_2' essentially like `x_1{}_2'.

! Double subscript.
l.77 \[ T_1_/_
              2 = \frac{.693}{.3 min^-^1} = 2.31 min \]
I treat `x_1_2' essentially like `x_1{}_2'.

! Double superscript.
<argument> .3 min^-^
                    1
l.77 \[ T_1_/_2 = \frac{.693}{.3 min^-^1}
                                          = 2.31 min \]
I treat `x^1^2' essentially like `x^1{}^2'.


Underfull \hbox (badness 10000) in paragraph at lines 84--86

 []

[4] [5] ("C:\Users\Nathan\Desktop\Spring 2011\CQW Labs\Half-Life of Ba-137m\Lab 9.ltx.aux")

LaTeX Warning: There were multiply-defined labels.

 ) 
Here is how much of TeX's memory you used:
 1878 strings out of 495285
 22952 string characters out of 3179824
 75551 words of memory out of 3000000
 5084 multiletter control sequences out of 15000+200000
 12096 words of font info for 47 fonts, out of 3000000 for 9000
 14 hyphenation exceptions out of 8191
 27i,6n,24p,440b,206s stack positions out of 5000i,500n,10000p,200000b,50000s
<C:/Program Files (x86)/MiKTeX 2.8/fonts/type1/public/amsfonts/cm/cmbx12.pfb><C:/Program Files (x86)/MiKTeX 2.8/fonts/
type1/public/amsfonts/cm/cmex10.pfb><C:/Program Files (x86)/MiKTeX 2.8/fonts/type1/public/amsfonts/cm/cmmi12.pfb><C:/Pro
gram Files (x86)/MiKTeX 2.8/fonts/type1/public/amsfonts/cm/cmmi8.pfb><C:/Program Files (x86)/MiKTeX 2.8/fonts/type1/publ
ic/amsfonts/cm/cmr12.pfb><C:/Program Files (x86)/MiKTeX 2.8/fonts/type1/public/amsfonts/cm/cmr17.pfb><C:/Program Files (
x86)/MiKTeX 2.8/fonts/type1/public/amsfonts/cm/cmr6.pfb><C:/Program Files (x86)/MiKTeX 2.8/fonts/type1/public/amsfonts/c
m/cmr8.pfb><C:/Program Files (x86)/MiKTeX 2.8/fonts/type1/public/amsfonts/cm/cmsy10.pfb><C:/Program Files (x86)/MiKTeX 2
.8/fonts/type1/public/amsfonts/cm/cmsy8.pfb>
Output written on "Lab 9.ltx.pdf" (5 pages, 216231 bytes).
PDF statistics:
 66 PDF objects out of 1000 (max. 8388607)
 0 named destinations out of 1000 (max. 500000)
 21 words of extra memory for PDF output out of 10000 (max. 10000000)

