This is pdfTeX, Version 3.1415926-1.40.10 (MiKTeX 2.8) (preloaded format=pdflatex 2011.2.24)  31 MAR 2011 19:00
entering extended mode
**C:/Users/Nathan/Desktop/Spring*2011/CQW*Labs/Photoelectric*Effect/Lab*5.ltx.tex
("C:/Users/Nathan/Desktop/Spring 2011/CQW Labs/Photoelectric Effect/Lab 5.ltx.tex"
LaTeX2e <2009/09/24>
Babel <v3.8l> and hyphenation patterns for english, dumylang, nohyphenation, german, ngerman, german-x-2009-06-19, ngerm
an-x-2009-06-19, french, loaded.
("C:\Program Files (x86)\MiKTeX 2.8\tex\latex\base\article.cls"
Document Class: article 2007/10/19 v1.4h Standard LaTeX document class
("C:\Program Files (x86)\MiKTeX 2.8\tex\latex\base\size12.clo"
File: size12.clo 2007/10/19 v1.4h Standard LaTeX file (size option)
)
\c@part=\count79
\c@section=\count80
\c@subsection=\count81
\c@subsubsection=\count82
\c@paragraph=\count83
\c@subparagraph=\count84
\c@figure=\count85
\c@table=\count86
\abovecaptionskip=\skip41
\belowcaptionskip=\skip42
\bibindent=\dimen102
)
("C:\Program Files (x86)\MiKTeX 2.8\tex\latex\ams\math\amsmath.sty"
Package: amsmath 2000/07/18 v2.13 AMS math features
\@mathmargin=\skip43

For additional information on amsmath, use the `?' option.
("C:\Program Files (x86)\MiKTeX 2.8\tex\latex\ams\math\amstext.sty"
Package: amstext 2000/06/29 v2.01

("C:\Program Files (x86)\MiKTeX 2.8\tex\latex\ams\math\amsgen.sty"
File: amsgen.sty 1999/11/30 v2.0
\@emptytoks=\toks14
\ex@=\dimen103
))
("C:\Program Files (x86)\MiKTeX 2.8\tex\latex\ams\math\amsbsy.sty"
Package: amsbsy 1999/11/29 v1.2d
\pmbraise@=\dimen104
)
("C:\Program Files (x86)\MiKTeX 2.8\tex\latex\ams\math\amsopn.sty"
Package: amsopn 1999/12/14 v2.01 operator names
)
\inf@bad=\count87
LaTeX Info: Redefining \frac on input line 211.
\uproot@=\count88
\leftroot@=\count89
LaTeX Info: Redefining \overline on input line 307.
\classnum@=\count90
\DOTSCASE@=\count91
LaTeX Info: Redefining \ldots on input line 379.
LaTeX Info: Redefining \dots on input line 382.
LaTeX Info: Redefining \cdots on input line 467.
\Mathstrutbox@=\box26
\strutbox@=\box27
\big@size=\dimen105
LaTeX Font Info:    Redeclaring font encoding OML on input line 567.
LaTeX Font Info:    Redeclaring font encoding OMS on input line 568.
\macc@depth=\count92
\c@MaxMatrixCols=\count93
\dotsspace@=\muskip10
\c@parentequation=\count94
\dspbrk@lvl=\count95
\tag@help=\toks15
\row@=\count96
\column@=\count97
\maxfields@=\count98
\andhelp@=\toks16
\eqnshift@=\dimen106
\alignsep@=\dimen107
\tagshift@=\dimen108
\tagwidth@=\dimen109
\totwidth@=\dimen110
\lineht@=\dimen111
\@envbody=\toks17
\multlinegap=\skip44
\multlinetaggap=\skip45
\mathdisplay@stack=\toks18
LaTeX Info: Redefining \[ on input line 2666.
LaTeX Info: Redefining \] on input line 2667.
)
("C:\Program Files (x86)\MiKTeX 2.8\tex\latex\amsfonts\amssymb.sty"
Package: amssymb 2009/06/22 v3.00

("C:\Program Files (x86)\MiKTeX 2.8\tex\latex\amsfonts\amsfonts.sty"
Package: amsfonts 2009/06/22 v3.00 Basic AMSFonts support
\symAMSa=\mathgroup4
\symAMSb=\mathgroup5
LaTeX Font Info:    Overwriting math alphabet `\mathfrak' in version `bold'
(Font)                  U/euf/m/n --> U/euf/b/n on input line 96.
))
("C:\Program Files (x86)\MiKTeX 2.8\tex\latex\graphics\graphicx.sty"
Package: graphicx 1999/02/16 v1.0f Enhanced LaTeX Graphics (DPC,SPQR)

("C:\Program Files (x86)\MiKTeX 2.8\tex\latex\graphics\keyval.sty"
Package: keyval 1999/03/16 v1.13 key=value parser (DPC)
\KV@toks@=\toks19
)
("C:\Program Files (x86)\MiKTeX 2.8\tex\latex\graphics\graphics.sty"
Package: graphics 2009/02/05 v1.0o Standard LaTeX Graphics (DPC,SPQR)

("C:\Program Files (x86)\MiKTeX 2.8\tex\latex\graphics\trig.sty"
Package: trig 1999/03/16 v1.09 sin cos tan (DPC)
)
("C:\Program Files (x86)\MiKTeX 2.8\tex\latex\00miktex\graphics.cfg"
File: graphics.cfg 2007/01/18 v1.5 graphics configuration of teTeX/TeXLive
)
Package graphics Info: Driver file: pdftex.def on input line 91.

("C:\Program Files (x86)\MiKTeX 2.8\tex\latex\pdftex-def\pdftex.def"
File: pdftex.def 2010/02/14 v0.04n Graphics/color for pdfTeX
\Gread@gobject=\count99
))
\Gin@req@height=\dimen112
\Gin@req@width=\dimen113
)
("C:\Program Files (x86)\MiKTeX 2.8\tex\latex\float\float.sty"
Package: float 2001/11/08 v1.3d Float enhancements (AL)
\c@float@type=\count100
\float@exts=\toks20
\float@box=\box28
\@float@everytoks=\toks21
\@floatcapt=\box29
)
("C:\Users\Nathan\Desktop\Spring 2011\CQW Labs\Photoelectric Effect\Lab 5.ltx.aux")
LaTeX Font Info:    Checking defaults for OML/cmm/m/it on input line 20.
LaTeX Font Info:    ... okay on input line 20.
LaTeX Font Info:    Checking defaults for T1/cmr/m/n on input line 20.
LaTeX Font Info:    ... okay on input line 20.
LaTeX Font Info:    Checking defaults for OT1/cmr/m/n on input line 20.
LaTeX Font Info:    ... okay on input line 20.
LaTeX Font Info:    Checking defaults for OMS/cmsy/m/n on input line 20.
LaTeX Font Info:    ... okay on input line 20.
LaTeX Font Info:    Checking defaults for OMX/cmex/m/n on input line 20.
LaTeX Font Info:    ... okay on input line 20.
LaTeX Font Info:    Checking defaults for U/cmr/m/n on input line 20.
LaTeX Font Info:    ... okay on input line 20.

("C:\Program Files (x86)\MiKTeX 2.8\tex\context\base\supp-pdf.tex"
[Loading MPS to PDF converter (version 2006.09.02).]
\scratchcounter=\count101
\scratchdimen=\dimen114
\scratchbox=\box30
\nofMPsegments=\count102
\nofMParguments=\count103
\everyMPshowfont=\toks22
\MPscratchCnt=\count104
\MPscratchDim=\dimen115
\MPnumerator=\count105
\everyMPtoPDFconversion=\toks23
)
LaTeX Font Info:    Try loading font information for U+msa on input line 21.
 ("C:\Program Files (x86)\MiKTeX 2.8\tex\latex\amsfonts\umsa.fd"
File: umsa.fd 2009/06/22 v3.00 AMS symbols A
)
LaTeX Font Info:    Try loading font information for U+msb on input line 21.

("C:\Program Files (x86)\MiKTeX 2.8\tex\latex\amsfonts\umsb.fd"
File: umsb.fd 2009/06/22 v3.00 AMS symbols B
) <apparatus.png, id=1, 297.36093pt x 223.58531pt>
File: apparatus.png Graphic file (type png)

<use apparatus.png>
! Double subscript.
l.36 ... the metal whose energy is less than $K_m_
                                                  a_x$ will be ejected with ...
I treat `x_1_2' essentially like `x_1{}_2'.

! Double subscript.
l.36 ...he metal whose energy is less than $K_m_a_
                                                  x$ will be ejected with le...
I treat `x_1_2' essentially like `x_1{}_2'.

! Double subscript.
l.36 ...sure they meant to write, "Less than $E_m_
                                                  a_x$," because electrons i...
I treat `x_1_2' essentially like `x_1{}_2'.

! Double subscript.
l.36 ...re they meant to write, "Less than $E_m_a_
                                                  x$," because electrons ins...
I treat `x_1_2' essentially like `x_1{}_2'.

[1

{C:/ProgramData/MiKTeX/2.8/pdftex/config/pdftex.map} <C:/Users/Nathan/Desktop/Spring 2011/CQW Labs/Photoelectric Effect/
apparatus.png>] <Plot1.png, id=9, 578.16pt x 433.62pt>
File: Plot1.png Graphic file (type png)
 <use Plot1.png> <Plot2.png, id=11, 578.16pt x 433.62pt>
File: Plot2.png Graphic file (type png)

<use Plot2.png> <Plot3.png, id=12, 578.16pt x 433.62pt>
File: Plot3.png Graphic file (type png)
 <use Plot3.png> [2 <C:/Users/Nathan/Desktop/Spring 2011/CQW Labs/Photoelectric Effect/Plot1.png> <C:/Users/Nathan/Deskt
op/Spring 2011/CQW Labs/Photoelectric Effect/Plot2.png>]
<Plot4.png, id=20, 650.43pt x 578.16pt>
File: Plot4.png Graphic file (type png)
 <use Plot4.png> [3 <C:/Users/Nathan/Desktop/Spring 2011/CQW Labs/Photoelectric Effect/Plot3.png> <C:/Users/Nathan/Deskt
op/Spring 2011/CQW Labs/Photoelectric Effect/Plot4.png>]
! Double superscript.
l.63 \[\frac{h}{e} = 3.579 x 10^-^
                                  1^5 \]
I treat `x^1^2' essentially like `x^1{}^2'.

! Double superscript.
l.63 \[\frac{h}{e} = 3.579 x 10^-^1^
                                    5 \]
I treat `x^1^2' essentially like `x^1{}^2'.

! Double superscript.
l.64 \[h = (3.579 x 10^-^
                         1^5)(1.60217646 x 10^-^1^9) = 5.734 x 10^-^3^4 \]
I treat `x^1^2' essentially like `x^1{}^2'.

! Double superscript.
l.64 \[h = (3.579 x 10^-^1^
                           5)(1.60217646 x 10^-^1^9) = 5.734 x 10^-^3^4 \]
I treat `x^1^2' essentially like `x^1{}^2'.

! Double superscript.
l.64 \[h = (3.579 x 10^-^1^5)(1.60217646 x 10^-^
                                                1^9) = 5.734 x 10^-^3^4 \]
I treat `x^1^2' essentially like `x^1{}^2'.

! Double superscript.
l.64 \[h = (3.579 x 10^-^1^5)(1.60217646 x 10^-^1^
                                                  9) = 5.734 x 10^-^3^4 \]
I treat `x^1^2' essentially like `x^1{}^2'.

! Double superscript.
l.64 ...^5)(1.60217646 x 10^-^1^9) = 5.734 x 10^-^
                                                  3^4 \]
I treat `x^1^2' essentially like `x^1{}^2'.

! Double superscript.
l.64 ...)(1.60217646 x 10^-^1^9) = 5.734 x 10^-^3^
                                                  4 \]
I treat `x^1^2' essentially like `x^1{}^2'.

! Double superscript.
<argument> |5.734 x 10^-^
                         3^4 - 6.626 x 10^-^3^4|
l.69 ...3^4 - 6.626 x 10^-^3^4|}{6.626 x 10^-^3^4}
                                                   = 13.5 \% \]
I treat `x^1^2' essentially like `x^1{}^2'.

! Double superscript.
<argument> |5.734 x 10^-^3^
                           4 - 6.626 x 10^-^3^4|
l.69 ...3^4 - 6.626 x 10^-^3^4|}{6.626 x 10^-^3^4}
                                                   = 13.5 \% \]
I treat `x^1^2' essentially like `x^1{}^2'.

! Double superscript.
<argument> |5.734 x 10^-^3^4 - 6.626 x 10^-^
                                            3^4|
l.69 ...3^4 - 6.626 x 10^-^3^4|}{6.626 x 10^-^3^4}
                                                   = 13.5 \% \]
I treat `x^1^2' essentially like `x^1{}^2'.

! Double superscript.
<argument> |5.734 x 10^-^3^4 - 6.626 x 10^-^3^
                                              4|
l.69 ...3^4 - 6.626 x 10^-^3^4|}{6.626 x 10^-^3^4}
                                                   = 13.5 \% \]
I treat `x^1^2' essentially like `x^1{}^2'.

! Double superscript.
<argument> 6.626 x 10^-^
                        3^4
l.69 ...3^4 - 6.626 x 10^-^3^4|}{6.626 x 10^-^3^4}
                                                   = 13.5 \% \]
I treat `x^1^2' essentially like `x^1{}^2'.

! Double superscript.
<argument> 6.626 x 10^-^3^
                          4
l.69 ...3^4 - 6.626 x 10^-^3^4|}{6.626 x 10^-^3^4}
                                                   = 13.5 \% \]
I treat `x^1^2' essentially like `x^1{}^2'.


Underfull \hbox (badness 10000) in paragraph at lines 75--77

 []

[4] ("C:\Users\Nathan\Desktop\Spring 2011\CQW Labs\Photoelectric Effect\Lab 5.ltx.aux") ) 
Here is how much of TeX's memory you used:
 1883 strings out of 495285
 23020 string characters out of 3179824
 73505 words of memory out of 3000000
 5088 multiletter control sequences out of 15000+200000
 12096 words of font info for 47 fonts, out of 3000000 for 9000
 14 hyphenation exceptions out of 8191
 27i,6n,24p,461b,206s stack positions out of 5000i,500n,10000p,200000b,50000s
<C:/Program Files (x86)/MiKTeX 
2.8/fonts/type1/public/amsfonts/cm/cmbx12.pfb><C:/Program Files (x86)/MiKTeX 2.8/fonts/type1/public/amsfonts/cm/cmmi12.p
fb><C:/Program Files (x86)/MiKTeX 2.8/fonts/type1/public/amsfonts/cm/cmmi8.pfb><C:/Program Files (x86)/MiKTeX 2.8/fonts/
type1/public/amsfonts/cm/cmr12.pfb><C:/Program Files (x86)/MiKTeX 2.8/fonts/type1/public/amsfonts/cm/cmr17.pfb><C:/Progr
am Files (x86)/MiKTeX 2.8/fonts/type1/public/amsfonts/cm/cmr8.pfb><C:/Program Files (x86)/MiKTeX 2.8/fonts/type1/public/
amsfonts/cm/cmsy10.pfb><C:/Program Files (x86)/MiKTeX 2.8/fonts/type1/public/amsfonts/cm/cmsy8.pfb>
Output written on "Lab 5.ltx.pdf" (4 pages, 210006 bytes).
PDF statistics:
 57 PDF objects out of 1000 (max. 8388607)
 0 named destinations out of 1000 (max. 500000)
 26 words of extra memory for PDF output out of 10000 (max. 10000000)

